<?xml version="1.0" encoding="UTF-8"?>
<!-- Generated by org.testng.reporters.JUnitReportReporter -->
<testsuite hostname="dell-PC" failures="0" tests="2" name="Com.Runnable.Testcases.TestngAnnotationsTC001" time="78.509" errors="0" timestamp="2021-02-04T20:01:20 IST" skipped="0">
  <testcase classname="Com.Runnable.Testcases.TestngAnnotationsTC001" name="toolsQATitleTest" time="60.312"/>
  <system-out/>
  <testcase classname="Com.Runnable.Testcases.TestngAnnotationsTC001" name="toolsQAHomepage" time="18.197"/>
  <system-out/>
</testsuite> <!-- Com.Runnable.Testcases.TestngAnnotationsTC001 -->
