<?xml version="1.0" encoding="UTF-8"?>
<!-- Generated by org.testng.reporters.JUnitReportReporter -->
<testsuite hostname="dell-PC" failures="0" tests="1" name="Com.iNetBanking.Testcases.TC_Logintest_TC001" time="4.644" errors="0" timestamp="2020-12-18T00:30:28 IST" skipped="0">
  <testcase classname="Com.iNetBanking.Testcases.TC_Logintest_TC001" name="loginTest" time="4.644"/>
</testsuite> <!-- Com.iNetBanking.Testcases.TC_Logintest_TC001 -->
